<?xml version="1.0" encoding="UTF-8"?>
<!-- Generated by org.testng.reporters.JUnitReportReporter -->
<testsuite hostname="BLRKEC343616L" failures="0" tests="1" name="practice.SimpleGetTest" time="9.800" errors="0" timestamp="2021-03-12T13:04:25 IST" skipped="0">
  <testcase classname="practice.SimpleGetTest" name="GetWeatherDetails" time="9.800"/>
  <system-out/>
</testsuite> <!-- practice.SimpleGetTest -->
